<?xml version="1.0" encoding="UTF-8"?>
<testng-results ignored="0" total="1" passed="1" failed="0" skipped="0">
  <reporter-output>
  </reporter-output>
  <suite started-at="2023-01-09T16:49:11Z" name="Default suite" finished-at="2023-01-09T16:50:14Z" duration-ms="63080">
    <groups>
    </groups>
    <test started-at="2023-01-09T16:49:11Z" name="Default test" finished-at="2023-01-09T16:50:14Z" duration-ms="63080">
      <class name="com.app.tests.AppTests">
        <test-method is-config="true" signature="launchBrowser()[pri:0, instance:com.app.tests.AppTests@51fadaff]" started-at="2023-01-09T22:19:11Z" name="launchBrowser" finished-at="2023-01-09T22:19:20Z" duration-ms="9349" status="PASS">
          <reporter-output>
          </reporter-output>
        </test-method> <!-- launchBrowser -->
        <test-method signature="Scenario4()[pri:0, instance:com.app.tests.AppTests@51fadaff]" started-at="2023-01-09T22:19:20Z" name="Scenario4" finished-at="2023-01-09T22:20:14Z" duration-ms="53720" status="PASS">
          <reporter-output>
          </reporter-output>
        </test-method> <!-- Scenario4 -->
      </class> <!-- com.app.tests.AppTests -->
    </test> <!-- Default test -->
  </suite> <!-- Default suite -->
</testng-results>
